<?xml version="1.0" encoding="UTF-8"?>
<testsuite xmlns:xsi="http://www.w3.org/2001/XMLSchema-instance" xsi:noNamespaceSchemaLocation="https://maven.apache.org/surefire/maven-surefire-plugin/xsd/surefire-test-report.xsd" name="TestSuite" time="0.988" tests="5" errors="0" skipped="0" failures="0">
  <properties>
[...]
</properties>
  <testcase name="f" classname="tests.TestSuite1" time="0.001"/>
  <testcase name="f" classname="tests.TestSuite2" time="0"/>
  <testcase name="f1" classname="tests.TestSuite3" time="0"/>
  <testcase name="f2" classname="tests.TestSuite3" time="0"/>
  <testcase name="f3" classname="tests.TestSuite3" time="0.001"/>
</testsuite>