<?xml version="1.0" encoding="UTF-8"?>
<!-- Generated by org.testng.reporters.JUnitXMLReporter -->
<testsuite hostname="SAI-PC" name="Test" tests="5" failures="0" timestamp="7 Aug 2018 14:30:35 GMT" time="0.032" errors="0">
  <testcase name="f" time="0.001" classname="tests.TestSuite1"/>
  <testcase name="f" time="0.0" classname="tests.TestSuite2"/>
  <testcase name="f1" time="0.0" classname="tests.TestSuite3"/>
  <testcase name="f2" time="0.0" classname="tests.TestSuite3"/>
  <testcase name="f3" time="0.0" classname="tests.TestSuite3"/>
</testsuite> <!-- Test -->
